{
  "RSpec": {
    "coverage": {
      "/Users/peterlai/dev/tunr/spec/features/admin_can_manage_songs_spec.rb": [
        1,
        null,
        1,
        2,
        5,
        5,
        null,
        1,
        1,
        1,
        1,
        1,
        1,
        null,
        null,
        1,
        1,
        1,
        null,
        null,
        1,
        1,
        1,
        1,
        1,
        1,
        null,
        null,
        1,
        1,
        1,
        1,
        1,
        null,
        null,
        1,
        1,
        1,
        1,
        1,
        null,
        null,
        null,
        null,
        null
      ],
      "/Users/peterlai/dev/tunr/spec/features/user_can_purchase_song_spec.rb": [
        1,
        null,
        null,
        null,
        null,
        null,
        null,
        null,
        null
      ],
      "/Users/peterlai/dev/tunr/spec/features/user_can_see_homepage_spec.rb": [
        1,
        null,
        1,
        null,
        1,
        1,
        1,
        null,
        null,
        null
      ],
      "/Users/peterlai/dev/tunr/spec/models/artist_spec.rb": [
        1,
        null,
        1,
        2,
        2,
        2,
        null
      ],
      "/Users/peterlai/dev/tunr/app/models/artist.rb": [
        1,
        1,
        null,
        1,
        1,
        null
      ],
      "/Users/peterlai/dev/tunr/spec/models/song_spec.rb": [
        1,
        null,
        1,
        2,
        2,
        2,
        2,
        null
      ],
      "/Users/peterlai/dev/tunr/app/models/song.rb": [
        1,
        1,
        1,
        1,
        null,
        1,
        1,
        1,
        null,
        null
      ],
      "/Users/peterlai/dev/tunr/spec/models/user_spec.rb": [
        1,
        null,
        1,
        2,
        2,
        2,
        null,
        1,
        5,
        5,
        null,
        1,
        3,
        null,
        1,
        1,
        null,
        null,
        1,
        1,
        null,
        null,
        null,
        null,
        1,
        1,
        2,
        2,
        null,
        null,
        1,
        1,
        null,
        null,
        1,
        1,
        null,
        null,
        null,
        null,
        null,
        null
      ],
      "/Users/peterlai/dev/tunr/app/models/user.rb": [
        1,
        null,
        1,
        1,
        null,
        null,
        1,
        1,
        null,
        null,
        1,
        null,
        null,
        null,
        null,
        1,
        null,
        null,
        null,
        null,
        null,
        1,
        null,
        null,
        1,
        null,
        null,
        1,
        8,
        null,
        null,
        null,
        1,
        65,
        null,
        null,
        1,
        4,
        null,
        2,
        null,
        null,
        null,
        1,
        null,
        null,
        1,
        6,
        null,
        null,
        null,
        1,
        10,
        null,
        null
      ],
      "/Users/peterlai/dev/tunr/app/models/purchase.rb": [
        1,
        1,
        1,
        null
      ],
      "/Users/peterlai/dev/tunr/app/controllers/artists_controller.rb": [
        1,
        1,
        null,
        1,
        1,
        null,
        null,
        1,
        1,
        null,
        null,
        1,
        1,
        1,
        null,
        null,
        1,
        9,
        null,
        null,
        1,
        null,
        null,
        1,
        1,
        1,
        null,
        null,
        1,
        1,
        1,
        null,
        null,
        1,
        null,
        1,
        12,
        null,
        null,
        1,
        2,
        null,
        null,
        null
      ],
      "/Users/peterlai/dev/tunr/app/controllers/application_controller.rb": [
        1,
        null,
        null,
        null,
        1,
        1,
        null
      ],
      "/Users/peterlai/dev/tunr/app/controllers/songs_controller.rb": [
        1,
        1,
        1,
        null,
        1,
        0,
        null,
        null,
        1,
        1,
        null,
        null,
        1,
        1,
        1,
        1,
        1,
        1,
        null,
        1,
        null,
        null,
        1,
        null,
        null,
        1,
        1,
        1,
        null,
        null,
        1,
        1,
        1,
        null,
        null,
        1,
        0,
        null,
        null,
        1,
        null,
        1,
        2,
        null,
        null,
        1,
        3,
        null,
        null,
        1,
        2,
        null,
        null,
        1,
        1,
        1,
        1,
        1,
        1,
        null,
        null,
        1,
        1,
        1,
        1,
        null,
        null
      ],
      "/Users/peterlai/dev/tunr/app/controllers/sessions_controller.rb": [
        1,
        1,
        null,
        null,
        1,
        null,
        2,
        null,
        null,
        2,
        2,
        2,
        null,
        0,
        0,
        null,
        null,
        null,
        1,
        0,
        0,
        null,
        null
      ],
      "/Users/peterlai/dev/tunr/app/controllers/welcome_controller.rb": [
        1,
        null,
        1,
        null,
        null,
        null
      ]
    },
    "timestamp": 1400851116
  }
}
